1531903966932	geckodriver	INFO	geckodriver 0.19.1
1531903967010	geckodriver	INFO	Listening on 127.0.0.1:52123
1531903970766	mozrunner::runner	INFO	Running command: "C:\\Program Files\\Mozilla Firefox\\firefox.exe" "-marionette" "-profile" "C:\\Users\\vella\\AppData\\Local\\Temp\\rust_mozprofile.yJfGt3VIddH3"
Unable to read VR Path Registry from C:\Users\vella\AppData\Local\openvr\openvrpaths.vrpath
1531903988356	Marionette	INFO	Enabled via --marionette
Unable to read VR Path Registry from C:\Users\vella\AppData\Local\openvr\openvrpaths.vrpath
Unable to read VR Path Registry from C:\Users\vella\AppData\Local\openvr\openvrpaths.vrpath
Unable to read VR Path Registry from C:\Users\vella\AppData\Local\openvr\openvrpaths.vrpath
[Parent 4588, Gecko_IOThread] WARNING: pipe error: 109: file z:/build/build/src/ipc/chromium/src/chrome/common/ipc_channel_win.cc, line 346
console.error: 
  Could not write session state file 
  Message: Error: _initWorker called too early! Please read the session file from disk first.
  Stack:
    _initWorker/<@resource:///modules/sessionstore/SessionFile.jsm:344:15
_initWorker@resource:///modules/sessionstore/SessionFile.jsm:337:12
_postToWorker@resource:///modules/sessionstore/SessionFile.jsm:361:11
write@resource:///modules/sessionstore/SessionFile.jsm:401:19
write@resource:///modules/sessionstore/SessionFile.jsm:73:12
_writeState@resource:///modules/sessionstore/SessionSaver.jsm:363:12
_saveState@resource:///modules/sessionstore/SessionSaver.jsm:301:12
_saveStateAsync@resource:///modules/sessionstore/SessionSaver.jsm:347:5
saveStateAsyncWhenIdle@resource:///modules/sessionstore/SessionSaver.jsm:198:9

  _initWorker/<@resource:///modules/sessionstore/SessionFile.jsm:344:15
_initWorker@resource:///modules/sessionstore/SessionFile.jsm:337:12
_postToWorker@resource:///modules/sessionstore/SessionFile.jsm:361:11
write@resource:///modules/sessionstore/SessionFile.jsm:401:19
write@resource:///modules/sessionstore/SessionFile.jsm:73:12
_writeState@resource:///modules/sessionstore/SessionSaver.jsm:363:12
_saveState@resource:///modules/sessionstore/SessionSaver.jsm:301:12
_saveStateAsync@resource:///modules/sessionstore/SessionSaver.jsm:347:5
saveStateAsyncWhenIdle@resource:///modules/sessionstore/SessionSaver.jsm:198:9

1531904038576	Marionette	INFO	Listening on port 52202
Unable to read VR Path Registry from C:\Users\vella\AppData\Local\openvr\openvrpaths.vrpath
1531904039542	Marionette	WARN	TLS certificate errors will be ignored for this session
Unable to read VR Path Registry from C:\Users\vella\AppData\Local\openvr\openvrpaths.vrpath
[Child 12112, Chrome_ChildThread] WARNING: pipe error: 109: file z:/build/build/src/ipc/chromium/src/chrome/common/ipc_channel_win.cc, line 346
[Child 12112, Chrome_ChildThread] WARNING: pipe error: 109: file z:/build/build/src/ipc/chromium/src/chrome/common/ipc_channel_win.cc, line 346
[Parent 4588, Gecko_IOThread] WARNING: pipe error: 109: file z:/build/build/src/ipc/chromium/src/chrome/common/ipc_channel_win.cc, line 346
[Child 12392, Chrome_ChildThread] WARNING: pipe error: 109: file z:/build/build/src/ipc/chromium/src/chrome/common/ipc_channel_win.cc, line 346
[Child 123[GPU 9116, Chrome_ChildThread] 
###!!! [Child][MessageChannel::SendAndWait] Error: Channel error: cannot send/recv

1531904188276	geckodriver	INFO	geckodriver 0.19.1
1531904188287	geckodriver	INFO	Listening on 127.0.0.1:54804
1531904191842	mozrunner::runner	INFO	Running command: "C:\\Program Files\\Mozilla Firefox\\firefox.exe" "-marionette" "-profile" "C:\\Users\\vella\\AppData\\Local\\Temp\\rust_mozprofile.HFovCS67Ix2R"
Unable to read VR Path Registry from C:\Users\vella\AppData\Local\openvr\openvrpaths.vrpath
1531904197760	Marionette	INFO	Enabled via --marionette
Unable to read VR Path Registry from C:\Users\vella\AppData\Local\openvr\openvrpaths.vrpath
Unable to read VR Path Registry from C:\Users\vella\AppData\Local\openvr\openvrpaths.vrpath
Unable to read VR Path Registry from C:\Users\vella\AppData\Local\openvr\openvrpaths.vrpath
[Parent 6840, Gecko_IOThread] WARNING: pipe error: 109: file z:/build/build/src/ipc/chromium/src/chrome/common/ipc_channel_win.cc, line 346
[Child 11468, Chrome_ChildThread] WARNING: pipe error: 109: file z:/build/build/src/ipc/chromium/src/chrome/common/ipc_channel_win.cc, line 346
[Child 11468, ChUnable to read VR Path Registry from C:\Users\vella\AppData\Local\openvr\openvrpaths.vrpath
Unable to read VR Path Registry from C:\Users\vella\AppData\Local\openvr\openvrpaths.vrpath
1531904206364	Marionette	INFO	Listening on port 54859
1531904207078	Marionette	WARN	TLS certificate errors will be ignored for this session
[Parent 6840, Gecko_IOThread] WARNING: pipe error: 109: file z:/build/build/src/ipc/chromium/src/chrome/common/ipc_channel_win.cc, line 346
[Parent 6840, Gecko_IOThread] WARNING: pipe error: 109: file z:/build/build/src/ipc/chromium/src/chrome/common/ipc_channel_win.cc, line 346
[Child 12720, Chrome_ChildThread] WARNING: pipe error: 109: file z:/build/build/src/ipc/chromium/src/chrome/common/ipc_channel_win.cc, line 346
[Child 12720, Chrome_ChildThread] WARNING: pipe error: 109: file z:/build/build/src/ipc/chrom
###!!! [Child][MessageChannel::SendAndWait] Error: Channel error: cannot send/recv

ata\Local\openvr\openvrpaths.vrpath
Unable to read VR Path Registry from C:\Users\vella\AppData\Local\openvr\openvrpaths.vrpath
1531905442232	Marionette	INFO	Listening on port 52704
1531905442424	Marionette	WARN	TLS certificate errors will be ignored for this session
1531906241278	geckodriver	INFO	geckodriver 0.19.1
1531906241278	geckodriver	INFO	Listening on 127.0.0.1:61950
1531906244457	mozrunner::runner	INFO	Running command: "C:\\Program Files\\Mozilla Firefox\\firefox.exe" "-marionette" "-profile" "C:\\Users\\vella\\AppData\\Local\\Temp\\rust_mozprofile.8AOtLXH6LrpD"
Unable to read VR Path Registry from C:\Users\vella\AppData\Local\openvr\openvrpaths.vrpath
1531906246786	Marionette	INFO	Enabled via --marionette
Unable to read VR Path Registry from C:\Users\vella\AppData\Local\openvr\openvrpaths.vrpath
Unable to read VR Path Registry from C:\Users\vella\AppData\Local\openvr\openvrpaths.vrpath
Unable to read VR Path Registry from C:\Users\vella\AppData\Local\openvr\openvrpaths.vrpath
Unable to read VR Path Registry from C:\Users\vella\AppData\Local\openvr\openvrpaths.vrpath
1531906251782	Marionette	INFO	Listening on port 62004
1531906252962	Marionette	WARN	TLS certificate errors will be ignored for this session
